<?xml version="1.0" encoding="UTF-8"?>
<!-- Generated by org.testng.reporters.JUnitXMLReporter -->
<testsuite hostname="DESKTOP-SAMJ4PE" name="Test" tests="6" failures="2" timestamp="22 Jan 2020 09:59:07 GMT" time="0.067" errors="0">
  <testcase name="testPageTitleSampleB" time="0.019" classname="com.test.TestB">
    <failure type="java.lang.NullPointerException">
      <![CDATA[java.lang.NullPointerException
	at com.test.TestB.testPageTitleSampleB(TestB.java:24)
... Removed 24 stack frames]]>
    </failure>
  </testcase> <!-- testPageTitleSampleB -->
  <testcase name="testSampleOne" time="0.003" classname="com.test.TestB"/>
  <testcase name="testSampleThree" time="0.003" classname="com.test.TestB"/>
  <testcase name="testSampleTwo" time="0.002" classname="com.test.TestB"/>
  <testcase name="testPageTitleSampleA" time="0.002" classname="com.test.TestA">
    <failure type="java.lang.NullPointerException">
      <![CDATA[java.lang.NullPointerException
	at com.test.TestA.testPageTitleSampleA(TestA.java:22)
... Removed 24 stack frames]]>
    </failure>
  </testcase> <!-- testPageTitleSampleA -->
  <testcase name="testSampleThree" time="0.001" classname="com.test.TestA"/>
</testsuite> <!-- Test -->
